{"message":"Token: eyJhbGciOiJIUzI1NiIsInR5cCI6IkpXVCJ9.eyJzdWIiOiI3OTgxMDc0MzMxNCIsImlhdCI6MTYwNzc3MDAwOCwiZXhwIjoxNjA3ODU2NDA4fQ.K9GbYSJZl-51LougdeeoB0_yFapf2dL8ZysqS3OKyvQ is invalid. Unauthorized!","level":"info","timestamp":"2020-12-14T02:34:44.899Z"}
{"message":"Token: eyJhbGciOiJIUzI1NiIsInR5cCI6IkpXVCJ9.eyJzdWIiOiI3OTgxMDc0MzM1IiwiaWF0IjoxNjA3OTEzMzM2LCJleHAiOjE2MDc5OTk3MzZ9.oZQg_zbh7hlXcw2UpTRd2eCTAaYPM7edgohjMpNxSPw is varified and authorized.","level":"info","timestamp":"2020-12-14T02:37:37.689Z"}
{"message":"Token: eyJhbGciOiJIUzI1NiIsInR5cCI6IkpXVCJ9.eyJzdWIiOiI3OTgxMDc0MzM1IiwiaWF0IjoxNjA3OTEzMzM2LCJleHAiOjE2MDc5OTk3MzZ9.oZQg_zbh7hlXcw2UpTRd2eCTAaYPM7edgohjMpNxSPw is varified and authorized.","level":"info","timestamp":"2020-12-14T02:37:40.972Z"}
{"message":"Token: eyJhbGciOiJIUzI1NiIsInR5cCI6IkpXVCJ9.eyJzdWIiOiI3OTgxMDc0MzM1IiwiaWF0IjoxNjA3OTEzMzM2LCJleHAiOjE2MDc5OTk3MzZ9.oZQg_zbh7hlXcw2UpTRd2eCTAaYPM7edgohjMpNxSPw is varified and authorized.","level":"info","timestamp":"2020-12-14T02:39:21.048Z"}
{"message":"Token: eyJhbGciOiJIUzI1NiIsInR5cCI6IkpXVCJ9.eyJzdWIiOiI3OTgxMDc0MzM1IiwiaWF0IjoxNjA3OTEzMzM2LCJleHAiOjE2MDc5OTk3MzZ9.oZQg_zbh7hlXcw2UpTRd2eCTAaYPM7edgohjMpNxSPw is varified and authorized.","level":"info","timestamp":"2020-12-14T02:42:14.437Z"}
{"message":"Token: eyJhbGciOiJIUzI1NiIsInR5cCI6IkpXVCJ9.eyJzdWIiOiI3OTgxMDc0MzM1IiwiaWF0IjoxNjA3OTEzMzM2LCJleHAiOjE2MDc5OTk3MzZ9.oZQg_zbh7hlXcw2UpTRd2eCTAaYPM7edgohjMpNxSPw is varified and authorized.","level":"info","timestamp":"2020-12-14T02:43:28.107Z"}
{"message":"Token: eyJhbGciOiJIUzI1NiIsInR5cCI6IkpXVCJ9.eyJzdWIiOiI3OTgxMDc0MzM1IiwiaWF0IjoxNjA3OTEzMzM2LCJleHAiOjE2MDc5OTk3MzZ9.oZQg_zbh7hlXcw2UpTRd2eCTAaYPM7edgohjMpNxSPw is varified and authorized.","level":"info","timestamp":"2020-12-14T02:44:55.998Z"}
{"message":"Token: eyJhbGciOiJIUzI1NiIsInR5cCI6IkpXVCJ9.eyJzdWIiOiI3OTgxMDc0MzM1IiwiaWF0IjoxNjA3OTEzMzM2LCJleHAiOjE2MDc5OTk3MzZ9.oZQg_zbh7hlXcw2UpTRd2eCTAaYPM7edgohjMpNxSPw is varified and authorized.","level":"info","timestamp":"2020-12-14T02:45:51.464Z"}
{"message":"Token: eyJhbGciOiJIUzI1NiIsInR5cCI6IkpXVCJ9.eyJzdWIiOiI3OTgxMDc0MzM1IiwiaWF0IjoxNjA3OTEzMzM2LCJleHAiOjE2MDc5OTk3MzZ9.oZQg_zbh7hlXcw2UpTRd2eCTAaYPM7edgohjMpNxSPw is varified and authorized.","level":"info","timestamp":"2020-12-14T02:46:13.006Z"}
{"message":"Token: eyJhbGciOiJIUzI1NiIsInR5cCI6IkpXVCJ9.eyJzdWIiOiI3OTgxMDc0MzM1IiwiaWF0IjoxNjA3OTEzMzM2LCJleHAiOjE2MDc5OTk3MzZ9.oZQg_zbh7hlXcw2UpTRd2eCTAaYPM7edgohjMpNxSPw is varified and authorized.","level":"info","timestamp":"2020-12-14T02:46:34.722Z"}
{"message":"Token: eyJhbGciOiJIUzI1NiIsInR5cCI6IkpXVCJ9.eyJzdWIiOiI3OTgxMDc0MzM1IiwiaWF0IjoxNjA3OTEzMzM2LCJleHAiOjE2MDc5OTk3MzZ9.oZQg_zbh7hlXcw2UpTRd2eCTAaYPM7edgohjMpNxSPw is varified and authorized.","level":"info","timestamp":"2020-12-14T02:54:19.194Z"}
{"message":"Token: eyJhbGciOiJIUzI1NiIsInR5cCI6IkpXVCJ9.eyJzdWIiOiI3OTgxMDc0MzM1IiwiaWF0IjoxNjA3OTEzMzM2LCJleHAiOjE2MDc5OTk3MzZ9.oZQg_zbh7hlXcw2UpTRd2eCTAaYPM7edgohjMpNxSPw is varified and authorized.","level":"info","timestamp":"2020-12-14T02:55:51.544Z"}
{"message":"Token: eyJhbGciOiJIUzI1NiIsInR5cCI6IkpXVCJ9.eyJzdWIiOiI3OTgxMDc0MzM1IiwiaWF0IjoxNjA3OTEzMzM2LCJleHAiOjE2MDc5OTk3MzZ9.oZQg_zbh7hlXcw2UpTRd2eCTAaYPM7edgohjMpNxSPw is varified and authorized.","level":"info","timestamp":"2020-12-14T02:56:44.999Z"}
{"message":"Token: eyJhbGciOiJIUzI1NiIsInR5cCI6IkpXVCJ9.eyJzdWIiOiI3OTgxMDc0MzM1IiwiaWF0IjoxNjA3OTEzMzM2LCJleHAiOjE2MDc5OTk3MzZ9.oZQg_zbh7hlXcw2UpTRd2eCTAaYPM7edgohjMpNxSPw is varified and authorized.","level":"info","timestamp":"2020-12-14T02:58:46.069Z"}
{"message":"Token: eyJhbGciOiJIUzI1NiIsInR5cCI6IkpXVCJ9.eyJzdWIiOiI3OTgxMDc0MzM1IiwiaWF0IjoxNjA3OTEzMzM2LCJleHAiOjE2MDc5OTk3MzZ9.oZQg_zbh7hlXcw2UpTRd2eCTAaYPM7edgohjMpNxSPw is varified and authorized.","level":"info","timestamp":"2020-12-14T02:59:07.819Z"}
{"message":"Token: eyJhbGciOiJIUzI1NiIsInR5cCI6IkpXVCJ9.eyJzdWIiOiI3OTgxMDc0MzM1IiwiaWF0IjoxNjA3OTEzMzM2LCJleHAiOjE2MDc5OTk3MzZ9.oZQg_zbh7hlXcw2UpTRd2eCTAaYPM7edgohjMpNxSPw is varified and authorized.","level":"info","timestamp":"2020-12-14T02:59:16.459Z"}
{"message":"Token: eyJhbGciOiJIUzI1NiIsInR5cCI6IkpXVCJ9.eyJzdWIiOiI3OTgxMDc0MzM1IiwiaWF0IjoxNjA3OTEzMzM2LCJleHAiOjE2MDc5OTk3MzZ9.oZQg_zbh7hlXcw2UpTRd2eCTAaYPM7edgohjMpNxSPw is varified and authorized.","level":"info","timestamp":"2020-12-14T03:00:38.806Z"}
{"message":"Token: eyJhbGciOiJIUzI1NiIsInR5cCI6IkpXVCJ9.eyJzdWIiOiI3OTgxMDc0MzM1IiwiaWF0IjoxNjA3OTEzMzM2LCJleHAiOjE2MDc5OTk3MzZ9.oZQg_zbh7hlXcw2UpTRd2eCTAaYPM7edgohjMpNxSPw is varified and authorized.","level":"info","timestamp":"2020-12-14T03:01:54.470Z"}
{"message":"Token: eyJhbGciOiJIUzI1NiIsInR5cCI6IkpXVCJ9.eyJzdWIiOiI3OTgxMDc0MzM1IiwiaWF0IjoxNjA3OTEzMzM2LCJleHAiOjE2MDc5OTk3MzZ9.oZQg_zbh7hlXcw2UpTRd2eCTAaYPM7edgohjMpNxSPw is varified and authorized.","level":"info","timestamp":"2020-12-14T03:02:20.305Z"}
{"message":"Token: eyJhbGciOiJIUzI1NiIsInR5cCI6IkpXVCJ9.eyJzdWIiOiI3OTgxMDc0MzM1IiwiaWF0IjoxNjA3OTEzMzM2LCJleHAiOjE2MDc5OTk3MzZ9.oZQg_zbh7hlXcw2UpTRd2eCTAaYPM7edgohjMpNxSPw is varified and authorized.","level":"info","timestamp":"2020-12-14T03:02:22.840Z"}
{"message":"Token: eyJhbGciOiJIUzI1NiIsInR5cCI6IkpXVCJ9.eyJzdWIiOiI3OTgxMDc0MzM1IiwiaWF0IjoxNjA3OTEzMzM2LCJleHAiOjE2MDc5OTk3MzZ9.oZQg_zbh7hlXcw2UpTRd2eCTAaYPM7edgohjMpNxSPw is varified and authorized.","level":"info","timestamp":"2020-12-14T03:02:31.618Z"}
{"message":"Token: eyJhbGciOiJIUzI1NiIsInR5cCI6IkpXVCJ9.eyJzdWIiOiI3OTgxMDc0MzM1IiwiaWF0IjoxNjA3OTEzMzM2LCJleHAiOjE2MDc5OTk3MzZ9.oZQg_zbh7hlXcw2UpTRd2eCTAaYPM7edgohjMpNxSPw is varified and authorized.","level":"info","timestamp":"2020-12-14T03:03:33.366Z"}
{"message":"Token: eyJhbGciOiJIUzI1NiIsInR5cCI6IkpXVCJ9.eyJzdWIiOiI3OTgxMDc0MzM1IiwiaWF0IjoxNjA3OTEzMzM2LCJleHAiOjE2MDc5OTk3MzZ9.oZQg_zbh7hlXcw2UpTRd2eCTAaYPM7edgohjMpNxSPw is varified and authorized.","level":"info","timestamp":"2020-12-14T03:04:17.422Z"}
{"message":"Token: eyJhbGciOiJIUzI1NiIsInR5cCI6IkpXVCJ9.eyJzdWIiOiI3OTgxMDc0MzM1IiwiaWF0IjoxNjA3OTEzMzM2LCJleHAiOjE2MDc5OTk3MzZ9.oZQg_zbh7hlXcw2UpTRd2eCTAaYPM7edgohjMpNxSPw is varified and authorized.","level":"info","timestamp":"2020-12-14T03:04:35.663Z"}
{"message":"Token: eyJhbGciOiJIUzI1NiIsInR5cCI6IkpXVCJ9.eyJzdWIiOiI3OTgxMDc0MzM1IiwiaWF0IjoxNjA3OTEzMzM2LCJleHAiOjE2MDc5OTk3MzZ9.oZQg_zbh7hlXcw2UpTRd2eCTAaYPM7edgohjMpNxSPw is varified and authorized.","level":"info","timestamp":"2020-12-14T03:04:49.015Z"}
{"message":"Token: eyJhbGciOiJIUzI1NiIsInR5cCI6IkpXVCJ9.eyJzdWIiOiI3OTgxMDc0MzM1IiwiaWF0IjoxNjA3OTEzMzM2LCJleHAiOjE2MDc5OTk3MzZ9.oZQg_zbh7hlXcw2UpTRd2eCTAaYPM7edgohjMpNxSPw is invalid. Unauthorized!","level":"info","timestamp":"2020-12-22T08:41:56.462Z"}
{"message":"Token: eyJhbGciOiJIUzI1NiIsInR5cCI6IkpXVCJ9.eyJzdWIiOiI3OTgxMDc0MzM5IiwiaWF0IjoxNjA4NjI2NDg3LCJleHAiOjE2MDg3MTI4ODd9.zejtuooX1a8O5qAL7XKB8d_f00GWHcctWpcR6mvwN-4 is varified and authorized.","level":"info","timestamp":"2020-12-22T08:42:08.444Z"}
{"message":"Token: eyJhbGciOiJIUzI1NiIsInR5cCI6IkpXVCJ9.eyJzdWIiOiI3OTgxMDc0MzM5IiwiaWF0IjoxNjA4NjI2NDg3LCJleHAiOjE2MDg3MTI4ODd9.zejtuooX1a8O5qAL7XKB8d_f00GWHcctWpcR6mvwN-4 is varified and authorized.","level":"info","timestamp":"2020-12-22T08:44:13.631Z"}
{"message":"Token: eyJhbGciOiJIUzI1NiIsInR5cCI6IkpXVCJ9.eyJzdWIiOiI3OTgxMDc0MzM5IiwiaWF0IjoxNjA4NjI2NDg3LCJleHAiOjE2MDg3MTI4ODd9.zejtuooX1a8O5qAL7XKB8d_f00GWHcctWpcR6mvwN-4 is varified and authorized.","level":"info","timestamp":"2020-12-22T08:45:06.862Z"}
{"message":"Token: eyJhbGciOiJIUzI1NiIsInR5cCI6IkpXVCJ9.eyJzdWIiOiI3OTgxMDc0MzM5IiwiaWF0IjoxNjA4NjI2NDg3LCJleHAiOjE2MDg3MTI4ODd9.zejtuooX1a8O5qAL7XKB8d_f00GWHcctWpcR6mvwN-4 is varified and authorized.","level":"info","timestamp":"2020-12-22T08:45:29.492Z"}
{"message":"Token: eyJhbGciOiJIUzI1NiIsInR5cCI6IkpXVCJ9.eyJzdWIiOiI3OTgxMDc0MzM5IiwiaWF0IjoxNjA4NjI2NDg3LCJleHAiOjE2MDg3MTI4ODd9.zejtuooX1a8O5qAL7XKB8d_f00GWHcctWpcR6mvwN-4 is varified and authorized.","level":"info","timestamp":"2020-12-22T08:45:44.772Z"}
{"message":"Token: eyJhbGciOiJIUzI1NiIsInR5cCI6IkpXVCJ9.eyJzdWIiOiI3OTgxMDc0MzM5IiwiaWF0IjoxNjA4NjI2NDg3LCJleHAiOjE2MDg3MTI4ODd9.zejtuooX1a8O5qAL7XKB8d_f00GWHcctWpcR6mvwN-4 is varified and authorized.","level":"info","timestamp":"2020-12-22T08:45:53.972Z"}
{"message":"Token: eyJhbGciOiJIUzI1NiIsInR5cCI6IkpXVCJ9.eyJzdWIiOiI3OTgxMDc0MzM5IiwiaWF0IjoxNjA4NjI2NDg3LCJleHAiOjE2MDg3MTI4ODd9.zejtuooX1a8O5qAL7XKB8d_f00GWHcctWpcR6mvwN-4 is varified and authorized.","level":"info","timestamp":"2020-12-22T08:46:02.483Z"}
{"message":"Token: eyJhbGciOiJIUzI1NiIsInR5cCI6IkpXVCJ9.eyJzdWIiOiI3OTgxMDc0MzM5IiwiaWF0IjoxNjA4NjI2NDg3LCJleHAiOjE2MDg3MTI4ODd9.zejtuooX1a8O5qAL7XKB8d_f00GWHcctWpcR6mvwN-4 is varified and authorized.","level":"info","timestamp":"2020-12-22T08:46:13.298Z"}
{"message":"Token: eyJhbGciOiJIUzI1NiIsInR5cCI6IkpXVCJ9.eyJzdWIiOiI3OTgxMDc0MzM5IiwiaWF0IjoxNjA4NjI2NDg3LCJleHAiOjE2MDg3MTI4ODd9.zejtuooX1a8O5qAL7XKB8d_f00GWHcctWpcR6mvwN-4 is varified and authorized.","level":"info","timestamp":"2020-12-22T09:02:53.492Z"}
{"message":"Token: eyJhbGciOiJIUzI1NiIsInR5cCI6IkpXVCJ9.eyJzdWIiOiI3OTgxMDc0MzM5IiwiaWF0IjoxNjA4NjI2NDg3LCJleHAiOjE2MDg3MTI4ODd9.zejtuooX1a8O5qAL7XKB8d_f00GWHcctWpcR6mvwN-4 is varified and authorized.","level":"info","timestamp":"2020-12-22T09:50:01.328Z"}
{"message":"Token: eyJhbGciOiJIUzI1NiIsInR5cCI6IkpXVCJ9.eyJzdWIiOiI3OTgxMDc0MzM5IiwiaWF0IjoxNjA4NjI2NDg3LCJleHAiOjE2MDg3MTI4ODd9.zejtuooX1a8O5qAL7XKB8d_f00GWHcctWpcR6mvwN-4 is varified and authorized.","level":"info","timestamp":"2020-12-22T09:51:57.403Z"}
{"message":"Token: eyJhbGciOiJIUzI1NiIsInR5cCI6IkpXVCJ9.eyJzdWIiOiI3OTgxMDc0MzM5IiwiaWF0IjoxNjA4NjI2NDg3LCJleHAiOjE2MDg3MTI4ODd9.zejtuooX1a8O5qAL7XKB8d_f00GWHcctWpcR6mvwN-4 is varified and authorized.","level":"info","timestamp":"2020-12-22T09:56:26.264Z"}
{"message":"Token: eyJhbGciOiJIUzI1NiIsInR5cCI6IkpXVCJ9.eyJzdWIiOiI3OTgxMDc0MzM5IiwiaWF0IjoxNjA4NjI2NDg3LCJleHAiOjE2MDg3MTI4ODd9.zejtuooX1a8O5qAL7XKB8d_f00GWHcctWpcR6mvwN-4 is varified and authorized.","level":"info","timestamp":"2020-12-22T09:57:21.528Z"}
{"message":"Token: eyJhbGciOiJIUzI1NiIsInR5cCI6IkpXVCJ9.eyJzdWIiOiI3OTgxMDc0MzM5IiwiaWF0IjoxNjA4NjI2NDg3LCJleHAiOjE2MDg3MTI4ODd9.zejtuooX1a8O5qAL7XKB8d_f00GWHcctWpcR6mvwN-4 is varified and authorized.","level":"info","timestamp":"2020-12-22T09:59:12.238Z"}
{"message":"Token: eyJhbGciOiJIUzI1NiIsInR5cCI6IkpXVCJ9.eyJzdWIiOiI3OTgxMDc0MzMxNiIsImlhdCI6MTYwODYzMTIzOSwiZXhwIjoxNjA4NzE3NjM5fQ.omVBmuAYsVIlplqIp2Q1UAujwzceStdLOhndPO6M71o is varified and authorized.","level":"info","timestamp":"2020-12-22T10:01:04.030Z"}
{"message":"Token: eyJhbGciOiJIUzI1NiIsInR5cCI6IkpXVCJ9.eyJzdWIiOiI3OTgxMDc0MzMxNiIsImlhdCI6MTYwODYzMTIzOSwiZXhwIjoxNjA4NzE3NjM5fQ.omVBmuAYsVIlplqIp2Q1UAujwzceStdLOhndPO6M71o is varified and authorized.","level":"info","timestamp":"2020-12-22T10:03:17.999Z"}
{"message":"Token: eyJhbGciOiJIUzI1NiIsInR5cCI6IkpXVCJ9.eyJzdWIiOiI3OTgxMDc0MzMxNiIsImlhdCI6MTYwODYzMTIzOSwiZXhwIjoxNjA4NzE3NjM5fQ.omVBmuAYsVIlplqIp2Q1UAujwzceStdLOhndPO6M71o is varified and authorized.","level":"info","timestamp":"2020-12-23T00:35:52.567Z"}
{"message":"Token: eyJhbGciOiJIUzI1NiIsInR5cCI6IkpXVCJ9.eyJzdWIiOiI3OTgxMDc0MzMxNiIsImlhdCI6MTYwODYzMTIzOSwiZXhwIjoxNjA4NzE3NjM5fQ.omVBmuAYsVIlplqIp2Q1UAujwzceStdLOhndPO6M71o is varified and authorized.","level":"info","timestamp":"2020-12-23T00:37:46.590Z"}
{"message":"Token: eyJhbGciOiJIUzI1NiIsInR5cCI6IkpXVCJ9.eyJzdWIiOiI3OTgxMDc0MzMyNSIsImlhdCI6MTYwODY4NDE0MCwiZXhwIjoxNjA4NzcwNTQwfQ.z3nbxYblZr9o2Gor_B3iCdXTaZFXy8fvQh5A3Dcm0cc is varified and authorized.","level":"info","timestamp":"2020-12-23T00:42:56.715Z"}
{"message":"Token: eyJhbGciOiJIUzI1NiIsInR5cCI6IkpXVCJ9.eyJzdWIiOiI3OTgxMDc0MzMyNSIsImlhdCI6MTYwODY4NDE0MCwiZXhwIjoxNjA4NzcwNTQwfQ.z3nbxYblZr9o2Gor_B3iCdXTaZFXy8fvQh5A3Dcm0cc is varified and authorized.","level":"info","timestamp":"2020-12-23T00:43:29.815Z"}
{"message":"Token: eyJhbGciOiJIUzI1NiIsInR5cCI6IkpXVCJ9.eyJzdWIiOiI3OTgxMDc0MzMyNSIsImlhdCI6MTYwODY4NDE0MCwiZXhwIjoxNjA4NzcwNTQwfQ.z3nbxYblZr9o2Gor_B3iCdXTaZFXy8fvQh5A3Dcm0cc is varified and authorized.","level":"info","timestamp":"2020-12-23T00:44:00.116Z"}
{"message":"Token: eyJhbGciOiJIUzI1NiIsInR5cCI6IkpXVCJ9.eyJzdWIiOiI3OTgxMDc0MzMyNSIsImlhdCI6MTYwODY4NDE0MCwiZXhwIjoxNjA4NzcwNTQwfQ.z3nbxYblZr9o2Gor_B3iCdXTaZFXy8fvQh5A3Dcm0cc is varified and authorized.","level":"info","timestamp":"2020-12-23T01:16:53.803Z"}
{"message":"Token: eyJhbGciOiJIUzI1NiIsInR5cCI6IkpXVCJ9.eyJzdWIiOiI3OTgxMDc0MzMyNSIsImlhdCI6MTYwODY4NDE0MCwiZXhwIjoxNjA4NzcwNTQwfQ.z3nbxYblZr9o2Gor_B3iCdXTaZFXy8fvQh5A3Dcm0cc is varified and authorized.","level":"info","timestamp":"2020-12-23T01:19:05.899Z"}
{"message":"Token: eyJhbGciOiJIUzI1NiIsInR5cCI6IkpXVCJ9.eyJzdWIiOiI3OTgxMDc0MzMyNSIsImlhdCI6MTYwODY4NDE0MCwiZXhwIjoxNjA4NzcwNTQwfQ.z3nbxYblZr9o2Gor_B3iCdXTaZFXy8fvQh5A3Dcm0cc is varified and authorized.","level":"info","timestamp":"2020-12-23T01:19:31.843Z"}
{"message":"Token: eyJhbGciOiJIUzI1NiIsInR5cCI6IkpXVCJ9.eyJzdWIiOiI3OTgxMDc0MzMyNSIsImlhdCI6MTYwODY4NDE0MCwiZXhwIjoxNjA4NzcwNTQwfQ.z3nbxYblZr9o2Gor_B3iCdXTaZFXy8fvQh5A3Dcm0cc is varified and authorized.","level":"info","timestamp":"2020-12-23T01:20:02.663Z"}
{"message":"Token: eyJhbGciOiJIUzI1NiIsInR5cCI6IkpXVCJ9.eyJzdWIiOiI3OTgxMDc0MzMyNSIsImlhdCI6MTYwODY4NDE0MCwiZXhwIjoxNjA4NzcwNTQwfQ.z3nbxYblZr9o2Gor_B3iCdXTaZFXy8fvQh5A3Dcm0cc is varified and authorized.","level":"info","timestamp":"2020-12-23T01:21:11.706Z"}
{"message":"Token: eyJhbGciOiJIUzI1NiIsInR5cCI6IkpXVCJ9.eyJzdWIiOiI3OTgxMDc0MzMyNSIsImlhdCI6MTYwODY4NDE0MCwiZXhwIjoxNjA4NzcwNTQwfQ.z3nbxYblZr9o2Gor_B3iCdXTaZFXy8fvQh5A3Dcm0cc is varified and authorized.","level":"info","timestamp":"2020-12-23T01:22:54.172Z"}
{"message":"Token: eyJhbGciOiJIUzI1NiIsInR5cCI6IkpXVCJ9.eyJzdWIiOiI3OTgxMDc0MzMyNSIsImlhdCI6MTYwODY4NDE0MCwiZXhwIjoxNjA4NzcwNTQwfQ.z3nbxYblZr9o2Gor_B3iCdXTaZFXy8fvQh5A3Dcm0cc is varified and authorized.","level":"info","timestamp":"2020-12-23T01:23:53.666Z"}
{"message":"Token: eyJhbGciOiJIUzI1NiIsInR5cCI6IkpXVCJ9.eyJzdWIiOiI3OTgxMDc0MzMyNSIsImlhdCI6MTYwODY4NDE0MCwiZXhwIjoxNjA4NzcwNTQwfQ.z3nbxYblZr9o2Gor_B3iCdXTaZFXy8fvQh5A3Dcm0cc is varified and authorized.","level":"info","timestamp":"2020-12-23T01:24:52.224Z"}
{"message":"Token: eyJhbGciOiJIUzI1NiIsInR5cCI6IkpXVCJ9.eyJzdWIiOiI3OTgxMDc0MzMyNSIsImlhdCI6MTYwODY4NDE0MCwiZXhwIjoxNjA4NzcwNTQwfQ.z3nbxYblZr9o2Gor_B3iCdXTaZFXy8fvQh5A3Dcm0cc is varified and authorized.","level":"info","timestamp":"2020-12-23T01:25:51.820Z"}
{"message":"Token: eyJhbGciOiJIUzI1NiIsInR5cCI6IkpXVCJ9.eyJzdWIiOiI3OTgxMDc0MzMyNSIsImlhdCI6MTYwODY4NDE0MCwiZXhwIjoxNjA4NzcwNTQwfQ.z3nbxYblZr9o2Gor_B3iCdXTaZFXy8fvQh5A3Dcm0cc is varified and authorized.","level":"info","timestamp":"2020-12-23T03:46:38.993Z"}
{"message":"Token: eyJhbGciOiJIUzI1NiIsInR5cCI6IkpXVCJ9.eyJzdWIiOiI3OTgxMDc0MzMyNSIsImlhdCI6MTYwODY4NDE0MCwiZXhwIjoxNjA4NzcwNTQwfQ.z3nbxYblZr9o2Gor_B3iCdXTaZFXy8fvQh5A3Dcm0cc is varified and authorized.","level":"info","timestamp":"2020-12-23T03:47:11.829Z"}
{"message":"Token: eyJhbGciOiJIUzI1NiIsInR5cCI6IkpXVCJ9.eyJzdWIiOiI3OTgxMDc0MzMyNSIsImlhdCI6MTYwODY4NDE0MCwiZXhwIjoxNjA4NzcwNTQwfQ.z3nbxYblZr9o2Gor_B3iCdXTaZFXy8fvQh5A3Dcm0cc is varified and authorized.","level":"info","timestamp":"2020-12-23T03:47:26.175Z"}
{"message":"Token: eyJhbGciOiJIUzI1NiIsInR5cCI6IkpXVCJ9.eyJzdWIiOiI3OTgxMDc0MzMyNSIsImlhdCI6MTYwODY4NDE0MCwiZXhwIjoxNjA4NzcwNTQwfQ.z3nbxYblZr9o2Gor_B3iCdXTaZFXy8fvQh5A3Dcm0cc is varified and authorized.","level":"info","timestamp":"2020-12-23T03:49:08.876Z"}
{"message":"Token: eyJhbGciOiJIUzI1NiIsInR5cCI6IkpXVCJ9.eyJzdWIiOiI3OTgxMDc0MzMyNSIsImlhdCI6MTYwODY4NDE0MCwiZXhwIjoxNjA4NzcwNTQwfQ.z3nbxYblZr9o2Gor_B3iCdXTaZFXy8fvQh5A3Dcm0cc is varified and authorized.","level":"info","timestamp":"2020-12-23T03:50:12.273Z"}
{"message":"Token: eyJhbGciOiJIUzI1NiIsInR5cCI6IkpXVCJ9.eyJzdWIiOiI3OTgxMDc0MzMyNSIsImlhdCI6MTYwODY4NDE0MCwiZXhwIjoxNjA4NzcwNTQwfQ.z3nbxYblZr9o2Gor_B3iCdXTaZFXy8fvQh5A3Dcm0cc is varified and authorized.","level":"info","timestamp":"2020-12-23T03:56:10.573Z"}
{"message":"Token: eyJhbGciOiJIUzI1NiIsInR5cCI6IkpXVCJ9.eyJzdWIiOiI3OTgxMDc0MzMyNSIsImlhdCI6MTYwODY4NDE0MCwiZXhwIjoxNjA4NzcwNTQwfQ.z3nbxYblZr9o2Gor_B3iCdXTaZFXy8fvQh5A3Dcm0cc is varified and authorized.","level":"info","timestamp":"2020-12-23T03:57:37.871Z"}
{"message":"Token: eyJhbGciOiJIUzI1NiIsInR5cCI6IkpXVCJ9.eyJzdWIiOiI3OTgxMDc0MzMyNSIsImlhdCI6MTYwODY4NDE0MCwiZXhwIjoxNjA4NzcwNTQwfQ.z3nbxYblZr9o2Gor_B3iCdXTaZFXy8fvQh5A3Dcm0cc is varified and authorized.","level":"info","timestamp":"2020-12-23T03:58:37.536Z"}
{"message":"Token: eyJhbGciOiJIUzI1NiIsInR5cCI6IkpXVCJ9.eyJzdWIiOiI3OTgxMDc0MzMyNSIsImlhdCI6MTYwODY4NDE0MCwiZXhwIjoxNjA4NzcwNTQwfQ.z3nbxYblZr9o2Gor_B3iCdXTaZFXy8fvQh5A3Dcm0cc is varified and authorized.","level":"info","timestamp":"2020-12-23T05:14:31.698Z"}
{"message":"Token: eyJhbGciOiJIUzI1NiIsInR5cCI6IkpXVCJ9.eyJzdWIiOiI3OTgxMDc0MzMyNSIsImlhdCI6MTYwODY4NDE0MCwiZXhwIjoxNjA4NzcwNTQwfQ.z3nbxYblZr9o2Gor_B3iCdXTaZFXy8fvQh5A3Dcm0cc is varified and authorized.","level":"info","timestamp":"2020-12-23T05:15:00.538Z"}
{"message":"Token: eyJhbGciOiJIUzI1NiIsInR5cCI6IkpXVCJ9.eyJzdWIiOiI3OTgxMDc0MzMyNSIsImlhdCI6MTYwODY4NDE0MCwiZXhwIjoxNjA4NzcwNTQwfQ.z3nbxYblZr9o2Gor_B3iCdXTaZFXy8fvQh5A3Dcm0cc is varified and authorized.","level":"info","timestamp":"2020-12-23T05:15:36.594Z"}
{"message":"Token: eyJhbGciOiJIUzI1NiIsInR5cCI6IkpXVCJ9.eyJzdWIiOiI3OTgxMDc0MzMyNSIsImlhdCI6MTYwODY4NDE0MCwiZXhwIjoxNjA4NzcwNTQwfQ.z3nbxYblZr9o2Gor_B3iCdXTaZFXy8fvQh5A3Dcm0cc is varified and authorized.","level":"info","timestamp":"2020-12-23T05:16:11.286Z"}
{"message":"Token: eyJhbGciOiJIUzI1NiIsInR5cCI6IkpXVCJ9.eyJzdWIiOiI3OTgxMDc0MzMyNSIsImlhdCI6MTYwODY4NDE0MCwiZXhwIjoxNjA4NzcwNTQwfQ.z3nbxYblZr9o2Gor_B3iCdXTaZFXy8fvQh5A3Dcm0cc is varified and authorized.","level":"info","timestamp":"2020-12-23T05:16:30.729Z"}
{"message":"Token: eyJhbGciOiJIUzI1NiIsInR5cCI6IkpXVCJ9.eyJzdWIiOiI3OTgxMDc0MzMyNSIsImlhdCI6MTYwODY4NDE0MCwiZXhwIjoxNjA4NzcwNTQwfQ.z3nbxYblZr9o2Gor_B3iCdXTaZFXy8fvQh5A3Dcm0cc is varified and authorized.","level":"info","timestamp":"2020-12-23T05:25:18.458Z"}
{"message":"Token: eyJhbGciOiJIUzI1NiIsInR5cCI6IkpXVCJ9.eyJzdWIiOiI3OTgxMDc0MzMyNSIsImlhdCI6MTYwODY4NDE0MCwiZXhwIjoxNjA4NzcwNTQwfQ.z3nbxYblZr9o2Gor_B3iCdXTaZFXy8fvQh5A3Dcm0cc is varified and authorized.","level":"info","timestamp":"2020-12-23T05:29:14.701Z"}
{"message":"Token: eyJhbGciOiJIUzI1NiIsInR5cCI6IkpXVCJ9.eyJzdWIiOiI3OTgxMDc0MzMyNSIsImlhdCI6MTYwODY4NDE0MCwiZXhwIjoxNjA4NzcwNTQwfQ.z3nbxYblZr9o2Gor_B3iCdXTaZFXy8fvQh5A3Dcm0cc is varified and authorized.","level":"info","timestamp":"2020-12-23T05:29:40.805Z"}
{"message":"Token: eyJhbGciOiJIUzI1NiIsInR5cCI6IkpXVCJ9.eyJzdWIiOiI3OTgxMDc0MzMyNSIsImlhdCI6MTYwODY4NDE0MCwiZXhwIjoxNjA4NzcwNTQwfQ.z3nbxYblZr9o2Gor_B3iCdXTaZFXy8fvQh5A3Dcm0cc is varified and authorized.","level":"info","timestamp":"2020-12-23T05:30:01.297Z"}
{"message":"Token: eyJhbGciOiJIUzI1NiIsInR5cCI6IkpXVCJ9.eyJzdWIiOiI3OTgxMDc0MzMyNSIsImlhdCI6MTYwODY4NDE0MCwiZXhwIjoxNjA4NzcwNTQwfQ.z3nbxYblZr9o2Gor_B3iCdXTaZFXy8fvQh5A3Dcm0cc is varified and authorized.","level":"info","timestamp":"2020-12-23T05:30:51.684Z"}
{"message":"Token: eyJhbGciOiJIUzI1NiIsInR5cCI6IkpXVCJ9.eyJzdWIiOiI3OTgxMDc0MzMyNSIsImlhdCI6MTYwODY4NDE0MCwiZXhwIjoxNjA4NzcwNTQwfQ.z3nbxYblZr9o2Gor_B3iCdXTaZFXy8fvQh5A3Dcm0cc is varified and authorized.","level":"info","timestamp":"2020-12-23T05:31:00.829Z"}
{"message":"Token: eyJhbGciOiJIUzI1NiIsInR5cCI6IkpXVCJ9.eyJzdWIiOiI3OTgxMDc0MzMyNSIsImlhdCI6MTYwODY4NDE0MCwiZXhwIjoxNjA4NzcwNTQwfQ.z3nbxYblZr9o2Gor_B3iCdXTaZFXy8fvQh5A3Dcm0cc is varified and authorized.","level":"info","timestamp":"2020-12-23T05:48:56.336Z"}
{"message":"Token: eyJhbGciOiJIUzI1NiIsInR5cCI6IkpXVCJ9.eyJzdWIiOiI3OTgxMDc0MzMyNSIsImlhdCI6MTYwODY4NDE0MCwiZXhwIjoxNjA4NzcwNTQwfQ.z3nbxYblZr9o2Gor_B3iCdXTaZFXy8fvQh5A3Dcm0cc is varified and authorized.","level":"info","timestamp":"2020-12-23T05:54:16.769Z"}
{"message":"Token: eyJhbGciOiJIUzI1NiIsInR5cCI6IkpXVCJ9.eyJzdWIiOiI3OTgxMDc0MzMyNSIsImlhdCI6MTYwODY4NDE0MCwiZXhwIjoxNjA4NzcwNTQwfQ.z3nbxYblZr9o2Gor_B3iCdXTaZFXy8fvQh5A3Dcm0cc is varified and authorized.","level":"info","timestamp":"2020-12-23T05:54:47.335Z"}
{"message":"Token: eyJhbGciOiJIUzI1NiIsInR5cCI6IkpXVCJ9.eyJzdWIiOiI3OTgxMDc0MzMyNSIsImlhdCI6MTYwODY4NDE0MCwiZXhwIjoxNjA4NzcwNTQwfQ.z3nbxYblZr9o2Gor_B3iCdXTaZFXy8fvQh5A3Dcm0cc is varified and authorized.","level":"info","timestamp":"2020-12-23T05:55:55.876Z"}
{"message":"Token: eyJhbGciOiJIUzI1NiIsInR5cCI6IkpXVCJ9.eyJzdWIiOiI3OTgxMDc0MzMyNSIsImlhdCI6MTYwODY4NDE0MCwiZXhwIjoxNjA4NzcwNTQwfQ.z3nbxYblZr9o2Gor_B3iCdXTaZFXy8fvQh5A3Dcm0cc is varified and authorized.","level":"info","timestamp":"2020-12-23T05:57:31.801Z"}
{"message":"Token: eyJhbGciOiJIUzI1NiIsInR5cCI6IkpXVCJ9.eyJzdWIiOiI3OTgxMDc0MzMyNSIsImlhdCI6MTYwODY4NDE0MCwiZXhwIjoxNjA4NzcwNTQwfQ.z3nbxYblZr9o2Gor_B3iCdXTaZFXy8fvQh5A3Dcm0cc is varified and authorized.","level":"info","timestamp":"2020-12-23T05:59:15.587Z"}
{"message":"Token: eyJhbGciOiJIUzI1NiIsInR5cCI6IkpXVCJ9.eyJzdWIiOiI3OTgxMDc0MzMyNSIsImlhdCI6MTYwODY4NDE0MCwiZXhwIjoxNjA4NzcwNTQwfQ.z3nbxYblZr9o2Gor_B3iCdXTaZFXy8fvQh5A3Dcm0cc is varified and authorized.","level":"info","timestamp":"2020-12-23T05:59:33.629Z"}
{"message":"Token: eyJhbGciOiJIUzI1NiIsInR5cCI6IkpXVCJ9.eyJzdWIiOiI3OTgxMDc0MzMyNSIsImlhdCI6MTYwODY4NDE0MCwiZXhwIjoxNjA4NzcwNTQwfQ.z3nbxYblZr9o2Gor_B3iCdXTaZFXy8fvQh5A3Dcm0cc is varified and authorized.","level":"info","timestamp":"2020-12-23T05:59:50.122Z"}
{"message":"Token: eyJhbGciOiJIUzI1NiIsInR5cCI6IkpXVCJ9.eyJzdWIiOiI3OTgxMDc0MzMyNSIsImlhdCI6MTYwODY4NDE0MCwiZXhwIjoxNjA4NzcwNTQwfQ.z3nbxYblZr9o2Gor_B3iCdXTaZFXy8fvQh5A3Dcm0cc is varified and authorized.","level":"info","timestamp":"2020-12-23T06:00:41.483Z"}
{"message":"Token: eyJhbGciOiJIUzI1NiIsInR5cCI6IkpXVCJ9.eyJzdWIiOiI3OTgxMDc0MzMyNSIsImlhdCI6MTYwODY4NDE0MCwiZXhwIjoxNjA4NzcwNTQwfQ.z3nbxYblZr9o2Gor_B3iCdXTaZFXy8fvQh5A3Dcm0cc is varified and authorized.","level":"info","timestamp":"2020-12-23T06:00:52.545Z"}
{"message":"Token: eyJhbGciOiJIUzI1NiIsInR5cCI6IkpXVCJ9.eyJzdWIiOiI3OTgxMDc0MzMyNSIsImlhdCI6MTYwODY4NDE0MCwiZXhwIjoxNjA4NzcwNTQwfQ.z3nbxYblZr9o2Gor_B3iCdXTaZFXy8fvQh5A3Dcm0cc is varified and authorized.","level":"info","timestamp":"2020-12-23T06:01:21.459Z"}
{"message":"Token: eyJhbGciOiJIUzI1NiIsInR5cCI6IkpXVCJ9.eyJzdWIiOiI3OTgxMDc0MzMyNSIsImlhdCI6MTYwODY4NDE0MCwiZXhwIjoxNjA4NzcwNTQwfQ.z3nbxYblZr9o2Gor_B3iCdXTaZFXy8fvQh5A3Dcm0cc is varified and authorized.","level":"info","timestamp":"2020-12-23T06:01:52.354Z"}
{"message":"Token: eyJhbGciOiJIUzI1NiIsInR5cCI6IkpXVCJ9.eyJzdWIiOiI3OTgxMDc0MzMyNSIsImlhdCI6MTYwODY4NDE0MCwiZXhwIjoxNjA4NzcwNTQwfQ.z3nbxYblZr9o2Gor_B3iCdXTaZFXy8fvQh5A3Dcm0cc is varified and authorized.","level":"info","timestamp":"2020-12-23T06:02:53.559Z"}
{"message":"Token: eyJhbGciOiJIUzI1NiIsInR5cCI6IkpXVCJ9.eyJzdWIiOiI3OTgxMDc0MzMyNSIsImlhdCI6MTYwODY4NDE0MCwiZXhwIjoxNjA4NzcwNTQwfQ.z3nbxYblZr9o2Gor_B3iCdXTaZFXy8fvQh5A3Dcm0cc is varified and authorized.","level":"info","timestamp":"2020-12-23T06:03:05.078Z"}
{"message":"Token: eyJhbGciOiJIUzI1NiIsInR5cCI6IkpXVCJ9.eyJzdWIiOiI3OTgxMDc0MzMyNSIsImlhdCI6MTYwODY4NDE0MCwiZXhwIjoxNjA4NzcwNTQwfQ.z3nbxYblZr9o2Gor_B3iCdXTaZFXy8fvQh5A3Dcm0cc is varified and authorized.","level":"info","timestamp":"2020-12-23T06:10:55.118Z"}
{"message":"Token: eyJhbGciOiJIUzI1NiIsInR5cCI6IkpXVCJ9.eyJzdWIiOiI3OTgxMDc0MzMyNSIsImlhdCI6MTYwODY4NDE0MCwiZXhwIjoxNjA4NzcwNTQwfQ.z3nbxYblZr9o2Gor_B3iCdXTaZFXy8fvQh5A3Dcm0cc is varified and authorized.","level":"info","timestamp":"2020-12-23T06:12:11.386Z"}
{"message":"Token: eyJhbGciOiJIUzI1NiIsInR5cCI6IkpXVCJ9.eyJzdWIiOiI3OTgxMDc0MzMyNSIsImlhdCI6MTYwODY4NDE0MCwiZXhwIjoxNjA4NzcwNTQwfQ.z3nbxYblZr9o2Gor_B3iCdXTaZFXy8fvQh5A3Dcm0cc is varified and authorized.","level":"info","timestamp":"2020-12-23T06:12:42.114Z"}
{"message":"Token: eyJhbGciOiJIUzI1NiIsInR5cCI6IkpXVCJ9.eyJzdWIiOiI3OTgxMDc0MzMyNSIsImlhdCI6MTYwODY4NDE0MCwiZXhwIjoxNjA4NzcwNTQwfQ.z3nbxYblZr9o2Gor_B3iCdXTaZFXy8fvQh5A3Dcm0cc is varified and authorized.","level":"info","timestamp":"2020-12-23T06:14:52.096Z"}
{"message":"Token: eyJhbGciOiJIUzI1NiIsInR5cCI6IkpXVCJ9.eyJzdWIiOiI3OTgxMDc0MzMyNSIsImlhdCI6MTYwODY4NDE0MCwiZXhwIjoxNjA4NzcwNTQwfQ.z3nbxYblZr9o2Gor_B3iCdXTaZFXy8fvQh5A3Dcm0cc is varified and authorized.","level":"info","timestamp":"2020-12-23T06:15:29.127Z"}
{"message":"Token: eyJhbGciOiJIUzI1NiIsInR5cCI6IkpXVCJ9.eyJzdWIiOiI3OTgxMDc0MzMyNSIsImlhdCI6MTYwODY4NDE0MCwiZXhwIjoxNjA4NzcwNTQwfQ.z3nbxYblZr9o2Gor_B3iCdXTaZFXy8fvQh5A3Dcm0cc is varified and authorized.","level":"info","timestamp":"2020-12-23T06:16:28.675Z"}
{"message":"Token: eyJhbGciOiJIUzI1NiIsInR5cCI6IkpXVCJ9.eyJzdWIiOiI3OTgxMDc0MzMyNSIsImlhdCI6MTYwODY4NDE0MCwiZXhwIjoxNjA4NzcwNTQwfQ.z3nbxYblZr9o2Gor_B3iCdXTaZFXy8fvQh5A3Dcm0cc is varified and authorized.","level":"info","timestamp":"2020-12-23T07:04:27.462Z"}
{"message":"Token: eyJhbGciOiJIUzI1NiIsInR5cCI6IkpXVCJ9.eyJzdWIiOiI3OTgxMDc0MzMyNSIsImlhdCI6MTYwODY4NDE0MCwiZXhwIjoxNjA4NzcwNTQwfQ.z3nbxYblZr9o2Gor_B3iCdXTaZFXy8fvQh5A3Dcm0cc is invalid. Unauthorized!","level":"info","timestamp":"2020-12-24T00:58:20.029Z"}
{"message":"Token: eyJhbGciOiJIUzI1NiIsInR5cCI6IkpXVCJ9.eyJzdWIiOiI3OTgxMDc0MzMyNSIsImlhdCI6MTYwODc3MTUzNSwiZXhwIjoxNjA4ODU3OTM1fQ.qqYCAmAj-fxuYbkMa9GzvSVNmrGR8wPao-_ss4car0E is varified and authorized.","level":"info","timestamp":"2020-12-24T00:59:22.392Z"}
{"message":"Token: eyJhbGciOiJIUzI1NiIsInR5cCI6IkpXVCJ9.eyJzdWIiOiI3OTgxMDc0MzMyNSIsImlhdCI6MTYwODc3MTUzNSwiZXhwIjoxNjA4ODU3OTM1fQ.qqYCAmAj-fxuYbkMa9GzvSVNmrGR8wPao-_ss4car0E is varified and authorized.","level":"info","timestamp":"2020-12-24T01:02:28.580Z"}
{"message":"Token: eyJhbGciOiJIUzI1NiIsInR5cCI6IkpXVCJ9.eyJzdWIiOiI3OTgxMDc0MzMyNSIsImlhdCI6MTYwODc3MTUzNSwiZXhwIjoxNjA4ODU3OTM1fQ.qqYCAmAj-fxuYbkMa9GzvSVNmrGR8wPao-_ss4car0E is varified and authorized.","level":"info","timestamp":"2020-12-24T01:02:49.955Z"}
{"message":"Token: eyJhbGciOiJIUzI1NiIsInR5cCI6IkpXVCJ9.eyJzdWIiOiI3OTgxMDc0MzMyNSIsImlhdCI6MTYwODc3MTUzNSwiZXhwIjoxNjA4ODU3OTM1fQ.qqYCAmAj-fxuYbkMa9GzvSVNmrGR8wPao-_ss4car0E is varified and authorized.","level":"info","timestamp":"2020-12-24T01:16:02.849Z"}
{"message":"Token: eyJhbGciOiJIUzI1NiIsInR5cCI6IkpXVCJ9.eyJzdWIiOiI3OTgxMDc0MzMyNSIsImlhdCI6MTYwODc3MTUzNSwiZXhwIjoxNjA4ODU3OTM1fQ.qqYCAmAj-fxuYbkMa9GzvSVNmrGR8wPao-_ss4car0E is varified and authorized.","level":"info","timestamp":"2020-12-24T01:18:21.791Z"}
