{"message":"79810743325 requested an otp.","level":"info","timestamp":"2020-12-13T09:39:18.582Z"}
{"message":"undefined recived and OTP 8943","level":"info","timestamp":"2020-12-13T09:39:18.674Z"}
{"message":"79810743320 requested an otp.","level":"info","timestamp":"2020-12-13T09:39:24.179Z"}
{"message":"undefined recived and OTP 3308","level":"info","timestamp":"2020-12-13T09:39:24.182Z"}
{"message":"79810743329 requested an otp.","level":"info","timestamp":"2020-12-13T09:39:30.613Z"}
{"message":"79810743329 does not exist in either\n        customer or truckowner database","level":"info","timestamp":"2020-12-13T09:39:30.616Z"}
{"message":"79810743325 requested an otp.","level":"info","timestamp":"2020-12-13T09:39:38.610Z"}
{"message":"undefined recived and OTP 4017","level":"info","timestamp":"2020-12-13T09:39:38.612Z"}
{"message":"79810743325 requested an otp.","level":"info","timestamp":"2020-12-13T09:48:44.115Z"}
{"message":"undefined recived and OTP 3608","level":"info","timestamp":"2020-12-13T09:48:44.194Z"}
{"message":"79810743325 requested an otp.","level":"info","timestamp":"2020-12-13T09:48:48.796Z"}
{"message":"undefined recived and OTP 2250","level":"info","timestamp":"2020-12-13T09:48:48.800Z"}
{"message":"7981074332 requested an otp.","level":"info","timestamp":"2020-12-14T02:24:57.155Z"}
{"message":"undefined recived and OTP 5571","level":"info","timestamp":"2020-12-14T02:24:57.216Z"}
{"message":"7981074339 requested an otp.","level":"info","timestamp":"2020-12-22T04:11:48.907Z"}
{"message":"undefined recived and OTP 9324","level":"info","timestamp":"2020-12-22T04:11:49.027Z"}
{"message":"7981074339 requested an otp.","level":"info","timestamp":"2020-12-22T08:41:27.767Z"}
{"message":"undefined recived and OTP 4888","level":"info","timestamp":"2020-12-22T08:41:27.919Z"}
{"message":"79810743316 requested an otp.","level":"info","timestamp":"2020-12-22T10:00:39.126Z"}
{"message":"undefined recived and OTP 4982","level":"info","timestamp":"2020-12-22T10:00:39.197Z"}
{"message":"79810743325 requested an otp.","level":"info","timestamp":"2020-12-23T00:42:20.533Z"}
{"message":"undefined recived and OTP 0830","level":"info","timestamp":"2020-12-23T00:42:20.610Z"}
{"message":"79810743325 requested an otp.","level":"info","timestamp":"2020-12-24T00:58:55.212Z"}
{"message":"undefined received and OTP 8824","level":"info","timestamp":"2020-12-24T00:58:55.268Z"}
{"message":"79810743327 requested an otp.","level":"info","timestamp":"2020-12-27T09:04:16.113Z"}
{"message":"79810743327 does not exist in either\n                customer or truckowner database","level":"info","timestamp":"2020-12-27T09:04:16.193Z"}
{"message":"79810743311 requested an otp.","level":"info","timestamp":"2020-12-27T09:04:46.816Z"}
{"message":"undefined received and OTP 5251","level":"info","timestamp":"2020-12-27T09:04:46.865Z"}
{"message":"79810743311 requested an otp.","level":"info","timestamp":"2020-12-27T09:05:08.124Z"}
{"message":"undefined received and OTP 7994","level":"info","timestamp":"2020-12-27T09:05:08.178Z"}
{"message":"79810743311 requested an otp.","level":"info","timestamp":"2020-12-29T04:05:46.908Z"}
{"message":"undefined received and OTP 1920","level":"info","timestamp":"2020-12-29T04:05:47.054Z"}
{"message":"79810743316 requested an otp.","level":"info","timestamp":"2020-12-30T09:58:01.661Z"}
{"message":"undefined received and OTP 7181","level":"info","timestamp":"2020-12-30T09:58:01.738Z"}
{"message":"79810743316 requested an otp.","level":"info","timestamp":"2020-12-30T11:01:55.959Z"}
{"message":"undefined received and OTP 8856","level":"info","timestamp":"2020-12-30T11:01:56.016Z"}
{"message":"79810743312 requested an otp.","level":"info","timestamp":"2021-01-18T03:40:38.324Z"}
{"message":"79810743312 does not exist in either\n                customer or truckowner database","level":"info","timestamp":"2021-01-18T03:40:38.477Z"}
{"message":"7981075481 requested an otp.","level":"info","timestamp":"2021-01-18T03:41:03.564Z"}
{"message":"undefined received and OTP 2558","level":"info","timestamp":"2021-01-18T03:41:03.620Z"}
{"message":"7981075481 requested an otp.","level":"info","timestamp":"2021-02-03T04:07:51.334Z"}
{"message":"7981075481 does not exist in either\n                customer or truckowner database","level":"info","timestamp":"2021-02-03T04:07:51.689Z"}
{"message":"7981075481 requested an otp.","level":"info","timestamp":"2021-02-03T04:10:07.855Z"}
{"message":"7981075481 does not exist in either\n                customer or truckowner database","level":"info","timestamp":"2021-02-03T04:10:08.019Z"}
{"message":"7981075481 requested an otp.","level":"info","timestamp":"2021-02-03T04:11:15.006Z"}
{"message":"7981075481 does not exist in either\n                customer or truckowner database","level":"info","timestamp":"2021-02-03T04:11:15.218Z"}
{"message":"undefined requested an otp.","level":"info","timestamp":"2021-02-03T04:12:27.629Z"}
{"message":"undefined does not exist in either\n                customer or truckowner database","level":"info","timestamp":"2021-02-03T04:12:27.830Z"}
{"message":"7981075481 requested an otp.","level":"info","timestamp":"2021-02-03T04:12:36.644Z"}
{"message":"7981075481 does not exist in either\n                customer or truckowner database","level":"info","timestamp":"2021-02-03T04:12:36.761Z"}
{"message":"7981075481 requested an otp.","level":"info","timestamp":"2021-02-03T04:12:38.854Z"}
{"message":"7981075481 does not exist in either\n                customer or truckowner database","level":"info","timestamp":"2021-02-03T04:12:38.963Z"}
{"message":"7981075481 requested an otp.","level":"info","timestamp":"2021-02-03T04:16:05.511Z"}
{"message":"7981075481 does not exist in either\n                customer or truckowner database","level":"info","timestamp":"2021-02-03T04:16:05.677Z"}
{"message":"7981075481 requested an otp.","level":"info","timestamp":"2021-02-03T04:16:43.760Z"}
{"message":"undefined received and OTP 2855","level":"info","timestamp":"2021-02-03T04:16:43.926Z"}
{"message":"7981075481 requested an otp.","level":"info","timestamp":"2021-02-03T04:18:45.958Z"}
{"message":"undefined received and OTP 2632","level":"info","timestamp":"2021-02-03T04:18:46.145Z"}
{"message":"7981075481 requested an otp.","level":"info","timestamp":"2021-02-03T05:20:02.862Z"}
{"message":"undefined received and OTP 0681","level":"info","timestamp":"2021-02-03T05:20:03.049Z"}
{"message":"7981075481 requested an otp.","level":"info","timestamp":"2021-02-03T06:17:55.007Z"}
{"message":"undefined received and OTP 2199","level":"info","timestamp":"2021-02-03T06:17:55.143Z"}
{"message":"7981075481 requested an otp.","level":"info","timestamp":"2021-02-03T08:11:40.464Z"}
{"message":"undefined received and OTP 7033","level":"info","timestamp":"2021-02-03T08:11:41.037Z"}
{"message":"7981075481 requested an otp.","level":"info","timestamp":"2021-02-03T08:13:53.774Z"}
{"message":"undefined received and OTP 1297","level":"info","timestamp":"2021-02-03T08:13:54.431Z"}
{"message":"7981075481 requested an otp.","level":"info","timestamp":"2021-02-04T09:24:16.886Z"}
{"message":"undefined received and OTP 9057","level":"info","timestamp":"2021-02-04T09:24:17.144Z"}
{"message":"7981075433 requested an otp.","level":"info","timestamp":"2021-02-04T16:38:44.204Z"}
{"message":"undefined received and OTP 8838","level":"info","timestamp":"2021-02-04T16:38:44.448Z"}
{"message":"9999999991 requested an otp.","level":"info","timestamp":"2021-02-10T07:07:48.759Z"}
{"message":"undefined received and OTP 4772","level":"info","timestamp":"2021-02-10T07:07:48.949Z"}
{"message":"9999999991 requested an otp.","level":"info","timestamp":"2021-02-11T08:22:44.199Z"}
{"message":"undefined received and OTP 9567","level":"info","timestamp":"2021-02-11T08:22:44.408Z"}
{"message":"9999999991 requested an otp.","level":"info","timestamp":"2021-02-12T05:25:00.299Z"}
{"message":"undefined received and OTP 6101","level":"info","timestamp":"2021-02-12T05:25:00.539Z"}
{"message":"7981075481 requested an otp.","level":"info","timestamp":"2021-02-12T06:31:21.779Z"}
{"message":"undefined received and OTP 9977","level":"info","timestamp":"2021-02-12T06:31:22.019Z"}
{"message":"7981075481 requested an otp.","level":"info","timestamp":"2021-02-12T06:38:30.688Z"}
{"message":"undefined received and OTP 7707","level":"info","timestamp":"2021-02-12T06:38:30.839Z"}
{"message":"8888889898 requested an otp.","level":"info","timestamp":"2021-02-12T06:47:49.633Z"}
{"message":"8888889898 does not exist in either\n                customer or truckowner database","level":"info","timestamp":"2021-02-12T06:47:49.755Z"}
{"message":"7981075481 requested an otp.","level":"info","timestamp":"2021-02-12T06:49:13.872Z"}
{"message":"undefined received and OTP 0055","level":"info","timestamp":"2021-02-12T06:49:14.013Z"}
{"message":"9999999991 requested an otp.","level":"info","timestamp":"2021-02-12T06:53:14.319Z"}
{"message":"undefined received and OTP 1699","level":"info","timestamp":"2021-02-12T06:53:14.436Z"}
{"message":"9999999991 requested an otp.","level":"info","timestamp":"2021-02-12T06:53:18.355Z"}
{"message":"undefined received and OTP 7102","level":"info","timestamp":"2021-02-12T06:53:18.430Z"}
{"message":"7981075481 requested an otp.","level":"info","timestamp":"2021-02-12T07:12:30.260Z"}
{"message":"undefined received and OTP 9037","level":"info","timestamp":"2021-02-12T07:12:30.389Z"}
{"message":"7981075481 requested an otp.","level":"info","timestamp":"2021-02-12T07:17:59.075Z"}
{"message":"undefined received and OTP 5359","level":"info","timestamp":"2021-02-12T07:17:59.192Z"}
{"message":"undefined requested an otp.","level":"info","timestamp":"2021-02-15T04:09:02.521Z"}
{"message":"undefined does not exist in either\n                customer or truckowner database","level":"info","timestamp":"2021-02-15T04:09:02.879Z"}
{"message":"undefined requested an otp.","level":"info","timestamp":"2021-02-15T04:15:30.197Z"}
{"message":"undefined does not exist in either\n                customer or truckowner database","level":"info","timestamp":"2021-02-15T04:15:30.754Z"}
{"message":"undefined requested an otp.","level":"info","timestamp":"2021-02-15T04:32:58.312Z"}
{"message":"undefined does not exist in either\n                customer or truckowner database","level":"info","timestamp":"2021-02-15T04:32:58.659Z"}
{"message":"undefined requested an otp.","level":"info","timestamp":"2021-02-15T04:33:05.745Z"}
{"message":"undefined does not exist in either\n                customer or truckowner database","level":"info","timestamp":"2021-02-15T04:33:05.968Z"}
{"message":"undefined requested an otp.","level":"info","timestamp":"2021-02-15T04:39:59.349Z"}
{"message":"undefined does not exist in either\n                customer or truckowner database","level":"info","timestamp":"2021-02-15T04:39:59.585Z"}
{"message":"undefined requested an otp.","level":"info","timestamp":"2021-02-15T04:40:26.337Z"}
{"message":"undefined does not exist in either\n                customer or truckowner database","level":"info","timestamp":"2021-02-15T04:40:26.520Z"}
{"message":"undefined requested an otp.","level":"info","timestamp":"2021-02-15T04:44:37.767Z"}
{"message":"undefined does not exist in either\n                customer or truckowner database","level":"info","timestamp":"2021-02-15T04:44:38.026Z"}
{"message":"undefined requested an otp.","level":"info","timestamp":"2021-02-15T04:48:15.171Z"}
{"message":"undefined does not exist in either\n                customer or truckowner database","level":"info","timestamp":"2021-02-15T04:48:15.530Z"}
{"message":"undefined requested an otp.","level":"info","timestamp":"2021-02-15T04:51:35.572Z"}
{"message":"undefined does not exist in either\n                customer or truckowner database","level":"info","timestamp":"2021-02-15T04:51:35.807Z"}
{"message":"undefined requested an otp.","level":"info","timestamp":"2021-02-15T04:51:51.844Z"}
{"message":"undefined does not exist in either\n                customer or truckowner database","level":"info","timestamp":"2021-02-15T04:51:52.152Z"}
{"message":"undefined requested an otp.","level":"info","timestamp":"2021-02-15T04:52:15.192Z"}
{"message":"undefined does not exist in either\n                customer or truckowner database","level":"info","timestamp":"2021-02-15T04:52:15.409Z"}
{"message":"undefined requested an otp.","level":"info","timestamp":"2021-02-15T04:52:15.700Z"}
{"message":"undefined does not exist in either\n                customer or truckowner database","level":"info","timestamp":"2021-02-15T04:52:15.919Z"}
{"message":"undefined requested an otp.","level":"info","timestamp":"2021-02-15T04:52:26.227Z"}
{"message":"undefined does not exist in either\n                customer or truckowner database","level":"info","timestamp":"2021-02-15T04:52:26.461Z"}
{"message":"undefined requested an otp.","level":"info","timestamp":"2021-02-15T04:52:32.770Z"}
{"message":"undefined does not exist in either\n                customer or truckowner database","level":"info","timestamp":"2021-02-15T04:52:32.930Z"}
{"message":"79810743325 requested an otp.","level":"info","timestamp":"2021-02-16T05:28:21.242Z"}
{"message":"undefined received and OTP 0741","level":"info","timestamp":"2021-02-16T05:28:21.408Z"}
{"message":"undefined requested an otp.","level":"info","timestamp":"2021-02-16T08:13:34.892Z"}
{"message":"undefined does not exist in either\n                customer or truckowner database","level":"info","timestamp":"2021-02-16T08:13:35.081Z"}
{"message":"undefined requested an otp.","level":"info","timestamp":"2021-02-16T08:13:53.124Z"}
{"message":"undefined does not exist in either\n                customer or truckowner database","level":"info","timestamp":"2021-02-16T08:13:53.304Z"}
{"message":"undefined requested an otp.","level":"info","timestamp":"2021-02-16T08:15:48.105Z"}
{"message":"undefined does not exist in either\n                customer or truckowner database","level":"info","timestamp":"2021-02-16T08:15:48.222Z"}
{"message":"undefined requested an otp.","level":"info","timestamp":"2021-02-16T08:16:06.617Z"}
{"message":"undefined does not exist in either\n                customer or truckowner database","level":"info","timestamp":"2021-02-16T08:16:06.792Z"}
{"message":"undefined requested an otp.","level":"info","timestamp":"2021-02-16T08:20:20.938Z"}
{"message":"undefined does not exist in either\n                customer or truckowner database","level":"info","timestamp":"2021-02-16T08:20:21.083Z"}
{"message":"undefined requested an otp.","level":"info","timestamp":"2021-02-16T08:20:29.784Z"}
{"message":"undefined does not exist in either\n                customer or truckowner database","level":"info","timestamp":"2021-02-16T08:20:29.927Z"}
{"message":"undefined requested an otp.","level":"info","timestamp":"2021-02-16T08:21:32.847Z"}
{"message":"undefined does not exist in either\n                customer or truckowner database","level":"info","timestamp":"2021-02-16T08:21:32.963Z"}
{"message":"79810743325 requested an otp.","level":"info","timestamp":"2021-02-16T08:22:31.920Z"}
{"message":"undefined received and OTP 6779","level":"info","timestamp":"2021-02-16T08:22:32.110Z"}
{"message":"undefined requested an otp.","level":"info","timestamp":"2021-02-16T09:07:28.794Z"}
{"message":"undefined does not exist in either\n                customer or truckowner database","level":"info","timestamp":"2021-02-16T09:07:28.923Z"}
{"message":"7981075482 requested an otp.","level":"info","timestamp":"2021-02-16T09:07:46.160Z"}
{"message":"undefined received and OTP 7829","level":"info","timestamp":"2021-02-16T09:07:46.234Z"}
{"message":"7981075482 requested an otp.","level":"info","timestamp":"2021-02-16T09:08:08.318Z"}
{"message":"undefined received and OTP 0207","level":"info","timestamp":"2021-02-16T09:08:08.369Z"}
{"message":"7981075482 requested an otp.","level":"info","timestamp":"2021-02-16T09:13:53.968Z"}
{"message":"undefined received and OTP 2431","level":"info","timestamp":"2021-02-16T09:13:54.041Z"}
{"message":"7981075482 requested an otp.","level":"info","timestamp":"2021-02-16T09:18:17.530Z"}
{"message":"undefined received and OTP 2787","level":"info","timestamp":"2021-02-16T09:18:17.605Z"}
