{"message":"received register request from transportCompany Nice transports","level":"info","timestamp":"2020-12-24T00:23:53.357Z"}
{"message":"received register request from transportCompany Nice transports","level":"info","timestamp":"2020-12-24T00:38:49.813Z"}
{"message":"received register request from transportCompany Nice transports","level":"info","timestamp":"2020-12-24T00:39:08.081Z"}
{"message":"received register request from transportCompany Nice transports","level":"info","timestamp":"2020-12-24T00:41:06.440Z"}
{"message":"received register request from transportCompany Nice transports","level":"info","timestamp":"2020-12-24T00:44:55.725Z"}
{"message":"received register request from transportCompany Nice transports","level":"info","timestamp":"2020-12-24T00:46:11.731Z"}
{"message":"received register request from transportCompany Nice transports","level":"info","timestamp":"2020-12-24T00:47:38.872Z"}
{"message":"Transport company Nice transports is registered","level":"info","timestamp":"2020-12-24T00:47:38.948Z"}
{"message":"received register request from transportCompany Nice transports","level":"info","timestamp":"2020-12-24T09:27:36.804Z"}
{"message":"received register request from transportCompany Nice transports","level":"info","timestamp":"2020-12-24T09:28:16.507Z"}
{"message":"received register request from transportCompany Nice transports","level":"info","timestamp":"2020-12-24T09:30:43.925Z"}
{"message":"received register request from transportCompany Nice transports","level":"info","timestamp":"2020-12-24T09:35:15.331Z"}
{"message":"received register request from transportCompany Nice transports","level":"info","timestamp":"2020-12-24T09:39:25.886Z"}
{"message":"received register request from transportCompany Nice transports","level":"info","timestamp":"2020-12-24T09:40:17.413Z"}
{"message":"received register request from transportCompany Nice transports","level":"info","timestamp":"2020-12-24T09:40:25.968Z"}
{"message":"received register request from transportCompany Nice transports","level":"info","timestamp":"2020-12-24T09:40:49.819Z"}
{"message":"received register request from transportCompany Nice transports5","level":"info","timestamp":"2020-12-24T09:50:35.266Z"}
{"message":"received register request from transportCompany Nice transports5","level":"info","timestamp":"2020-12-24T09:50:49.597Z"}
{"message":"Transport company Nice transports5 is registered","level":"info","timestamp":"2020-12-24T09:50:49.643Z"}
{"message":"received register request from transportCompany Nice transports6\n    and id address = ::1 ","level":"info","timestamp":"2021-02-04T15:14:53.089Z"}
{"message":"Transport company Nice transports6 is registered","level":"info","timestamp":"2021-02-04T15:14:53.152Z"}
{"message":"received register request from transportCompany Nice transports6\n    and id address = ::1 ","level":"info","timestamp":"2021-02-04T15:58:19.531Z"}
{"message":"received register request from transportCompany Nice transports6\n    and id address = ::1 ","level":"info","timestamp":"2021-02-04T15:59:33.173Z"}
{"message":"Transport company Nice transports6 is registered","level":"info","timestamp":"2021-02-04T15:59:33.218Z"}
