{"message":"recived register request from truck owner with mobile number 79810743325","level":"info","timestamp":"2020-12-14T02:14:39.414Z"}
{"message":"recived register request from truck owner with mobile number 79810743325","level":"info","timestamp":"2020-12-14T02:17:55.374Z"}
{"message":"truckowner with no 79810743325 is registered","level":"info","timestamp":"2020-12-14T02:17:55.451Z"}
{"message":"recived register request from truck owner with mobile number 79810743320","level":"info","timestamp":"2020-12-14T02:22:29.264Z"}
{"message":"truckowner with no 79810743320 is registered","level":"info","timestamp":"2020-12-14T02:22:29.375Z"}
{"message":"recived register request from truck owner with mobile number 79810743320","level":"info","timestamp":"2020-12-14T02:22:35.673Z"}
{"message":"recived register request from truck owner with mobile number 7981074332","level":"info","timestamp":"2020-12-14T02:23:42.750Z"}
{"message":"truckowner with no 7981074332 is registered","level":"info","timestamp":"2020-12-14T02:23:42.806Z"}
{"message":"recived register request from truck owner with mobile number 7981074332","level":"info","timestamp":"2020-12-14T02:29:19.104Z"}
{"message":"recived register request from truck owner with mobile number 7981074335","level":"info","timestamp":"2020-12-14T02:29:39.332Z"}
{"message":"truckowner with no 7981074335 is registered","level":"info","timestamp":"2020-12-14T02:29:39.514Z"}
{"message":"received package register request for customer 7981074335","level":"info","timestamp":"2020-12-14T02:43:28.109Z"}
{"message":"received package register request for customer 7981074335","level":"info","timestamp":"2020-12-14T02:44:55.999Z"}
{"message":"received package register request for customer 7975490075","level":"info","timestamp":"2020-12-14T03:02:20.306Z"}
{"message":"received package register request for customer 7975490075","level":"info","timestamp":"2020-12-14T03:02:22.841Z"}
{"message":"recived register request from truck owner with mobile number 7981074335,7975490075","level":"info","timestamp":"2020-12-21T08:35:52.396Z"}
{"message":"recived register request from truck owner with mobile number 7981074336,7975490075","level":"info","timestamp":"2020-12-21T08:36:03.189Z"}
{"message":"recived register request from truck owner with mobile number 7981074336","level":"info","timestamp":"2020-12-21T08:36:33.068Z"}
{"message":"truckowner with no 7981074336 is registered","level":"info","timestamp":"2020-12-21T08:36:33.158Z"}
{"message":"recived register request from truck owner with mobile number 7981074336","level":"info","timestamp":"2020-12-21T08:37:50.362Z"}
{"message":"recived register request from truck owner with mobile number 7981074339","level":"info","timestamp":"2020-12-21T08:38:02.850Z"}
{"message":"truckowner with no 7981074339 is registered","level":"info","timestamp":"2020-12-21T08:38:02.941Z"}
{"message":"received package register request for customer undefined","level":"info","timestamp":"2020-12-22T09:02:53.494Z"}
{"message":"received package register request for customer undefined","level":"info","timestamp":"2020-12-22T09:50:01.331Z"}
{"message":"received package register request for customer undefined","level":"info","timestamp":"2020-12-22T09:51:57.405Z"}
{"message":"received package register request for customer undefined","level":"info","timestamp":"2020-12-22T09:56:26.264Z"}
{"message":"received package register request for customer undefined","level":"info","timestamp":"2020-12-22T09:57:21.530Z"}
{"message":"received package register request for customer undefined","level":"info","timestamp":"2020-12-22T09:59:12.240Z"}
{"message":"received package register request for customer 79810743316","level":"info","timestamp":"2020-12-22T10:01:04.030Z"}
{"message":"received package register request for customer 79810743316","level":"info","timestamp":"2020-12-22T10:03:18.000Z"}
{"message":"received package register request for customer undefined","level":"info","timestamp":"2020-12-24T00:59:22.393Z"}
{"message":"received package register request for customer undefined","level":"info","timestamp":"2020-12-24T01:02:28.582Z"}
{"message":"received package register request for customer undefined","level":"info","timestamp":"2020-12-24T01:02:49.957Z"}
{"message":"received package register request for customer 79810743311","level":"info","timestamp":"2020-12-27T09:05:23.559Z"}
{"message":"received package register request for customer 79810743311","level":"info","timestamp":"2020-12-27T09:06:20.685Z"}
{"message":"received package register request for customer undefined","level":"info","timestamp":"2021-01-18T05:05:23.647Z"}
{"message":"received package register request for customer undefined","level":"info","timestamp":"2021-01-18T05:11:32.605Z"}
{"message":"received package register request for customer undefined","level":"info","timestamp":"2021-01-18T05:33:09.534Z"}
{"message":"received package register request for customer undefined","level":"info","timestamp":"2021-01-18T05:35:00.192Z"}
{"message":"recived register request from truck owner with mobile number 9098989876\n    and id address = ::1 ","level":"info","timestamp":"2021-02-10T06:15:27.131Z"}
{"message":"recived register request from truck owner with mobile number 9098989876\n    and id address = ::1 ","level":"info","timestamp":"2021-02-10T06:16:53.019Z"}
{"message":"recived register request from truck owner with mobile number 9098989876\n    and id address = ::1 ","level":"info","timestamp":"2021-02-10T06:19:09.766Z"}
{"message":"truckowner with no 9098989876 is registered","level":"info","timestamp":"2021-02-10T06:19:09.918Z"}
